creating idf corpus.
i:  0
file:  TLG2219.TXT
i:  1
file:  TLG2412.TXT
i:  2
file:  TLG2946.TXT
i:  3
file:  TLG1170.TXT
i:  4
file:  TLG2385.TXT
i:  5
file:  TLG1427.TXT
i:  6
file:  TLG1609.TXT
i:  7
file:  TLG2384.TXT
i:  8
file:  TLG1923.TXT
i:  9
file:  TLG1459.TXT
i:  10
file:  TLG1636.TXT
i:  11
file:  TLG4394.TXT
i:  12
file:  TLG0385.TXT
i:  13
file:  TLG2568.TXT
i:  14
file:  TLG0003.TXT
i:  15
file:  TLG1189.TXT
i:  16
file:  TLG1199.TXT
i:  17
file:  TLG2423.TXT
i:  18
file:  TLG1477.TXT
i:  19
file:  TLG1285.TXT
i:  20
file:  TLG0016.TXT
i:  21
file:  TLG2543.TXT
i:  22
file:  TLG3143.TXT
i:  23
file:  TLG1941.TXT
i:  24
file:  TLG1978.TXT
i:  25
file:  TLG2186.TXT
i:  26
file:  TLG3086.TXT
i:  27
file:  TLG1338.TXT
i:  28
file:  TLG1953.TXT
i:  29
file:  TLG2215.TXT
i:  30
file:  TLG4392.TXT
i:  31
file:  TLG1683.TXT
i:  32
file:  TLG1832.TXT
i:  33
file:  TLG1288.TXT
i:  34
file:  TLG1915.TXT
i:  35
file:  TLG3146.TXT
i:  36
file:  TLG1303.TXT
i:  37
file:  TLG2162.TXT
i:  38
file:  TLG2703.TXT
i:  39
file:  TLG1343.TXT
i:  40
file:  TLG1835.TXT
i:  41
file:  TLG1917.TXT
i:  42
file:  TLG2511.TXT
i:  43
file:  TLG0081.TXT
i:  44
file:  TLG2196.TXT
i:  45
file:  TLG2336.TXT
i:  46
file:  TLG2393.TXT
i:  47
file:  TLG4396.TXT
i:  48
file:  TLG2555.TXT
i:  49
file:  TLG1276.TXT
i:  50
file:  TLG2341.TXT
i:  51
file:  TLG2560.TXT
i:  52
file:  TLG4390.TXT
i:  53
file:  TLG0032.TXT
i:  54
file:  TLG0392.TXT
i:  55
file:  TLG2580.TXT
i:  56
file:  TLG2357.TXT
i:  57
file:  TLG1868.TXT
i:  58
file:  TLG2194.TXT
i:  59
file:  TLG2479.TXT
i:  60
file:  TLG4145.TXT
i:  61
file:  TLG1505.TXT
i:  62
file:  TLG0116.TXT
i:  63
file:  TLG1506.TXT
i:  64
file:  TLG1969.TXT
i:  65
file:  TLG3142.TXT
i:  66
file:  TLG1316.TXT
i:  67
file:  TLG2346.TXT
i:  68
file:  TLG1245.TXT
i:  69
file:  TLG1976.TXT
i:  70
file:  TLG0074.TXT
i:  71
file:  TLG1470.TXT
i:  72
file:  TLG1392.TXT
i:  73
file:  TLG1313.TXT
i:  74
file:  TLG2532.TXT
i:  75
file:  TLG2203.TXT
i:  76
file:  TLG2525.TXT
i:  77
file:  TLG2289.TXT
i:  78
file:  TLG2556.TXT
i:  79
file:  TLG2548.TXT
i:  80
file:  TLG2956.TXT
i:  81
file:  TLG0539.TXT
i:  82
file:  TLG1623.TXT
i:  83
file:  TLG1977.TXT
i:  84
file:  TLG3135.TXT
i:  85
file:  TLG0360.TXT
i:  86
file:  TLG0574.TXT
i:  87
file:  TLG1421.TXT
i:  88
file:  TLG2331.TXT
i:  89
file:  TLG1645.TXT
i:  90
file:  TLG2545.TXT
i:  91
file:  TLG3023.TXT
i:  92
file:  TLG2330.TXT
i:  93
file:  TLG2424.TXT
i:  94
file:  TLG2298.TXT
i:  95
file:  TLG1649.TXT
i:  96
file:  TLG1516.TXT
i:  97
file:  TLG2418.TXT
i:  98
file:  TLG1828.TXT
i:  99
file:  TLG1354.TXT
i:  100
file:  TLG3125.TXT
i:  101
file:  TLG1491.TXT
i:  102
file:  TLG1268.TXT
i:  103
file:  TLG1164.TXT
i:  104
file:  TLG1239.TXT
i:  105
file:  TLG1896.TXT
i:  106
file:  TLG3130.TXT
i:  107
file:  TLG1534.TXT
i:  108
file:  TLG2201.TXT
i:  109
file:  TLG2339.TXT
i:  110
file:  TLG1590.TXT
i:  111
file:  TLG1503.TXT
i:  112
file:  TLG4344.TXT
i:  113
file:  TLG2475.TXT
i:  114
file:  TLG4346.TXT
i:  115
file:  TLG4345.TXT
i:  116
file:  TLG1736.TXT
i:  117
file:  TLG2426.TXT
i:  118
file:  TLG1523.TXT
i:  119
file:  TLG1222.TXT
i:  120
file:  TLG4397.TXT
i:  121
file:  TLG1469.TXT
i:  122
file:  TLG2212.TXT
i:  123
file:  TLG2565.TXT
i:  124
file:  TLG1638.TXT
i:  125
file:  TLG1145.TXT
i:  126
file:  TLG1591.TXT
i:  127
file:  TLG1314.TXT
i:  128
file:  TLG3070.TXT
i:  129
file:  TLG3088.TXT
i:  130
file:  TLG1499.TXT
i:  131
file:  TLG2409.TXT
i:  132
file:  TLG3015.TXT
i:  133
file:  TLG1397.TXT
i:  134
file:  TLG1406.TXT
i:  135
file:  TLG1190.TXT
i:  136
file:  TLG1972.TXT
i:  137
file:  TLG1661.TXT
i:  138
file:  TLG2122.TXT
i:  139
file:  TLG2273.TXT
i:  140
file:  TLG2559.TXT
i:  141
file:  TLG2349.TXT
i:  142
file:  TLG1174.TXT
i:  143
file:  TLG2282.TXT
i:  144
file:  TLG1258.TXT
i:  145
file:  TLG2268.TXT
i:  146
file:  TLG2542.TXT
i:  147
file:  TLG3145.TXT
i:  148
file:  TLG2213.TXT
i:  149
file:  TLG3157.TXT
i:  150
file:  TLG1727.TXT
i:  151
file:  TLG4395.TXT
i:  152
file:  TLG2160.TXT
i:  153
file:  TLG2050.TXT
i:  154
file:  TLG2217.TXT
i:  155
file:  TLG2573.TXT
i:  156
file:  TLG0526.TXT
i:  157
file:  TLG2158.TXT
i:  158
file:  TLG2057.TXT
i:  159
file:  TLG3069.TXT
i:  160
file:  TLG1981.TXT
i:  161
file:  TLG2466.TXT
i:  162
file:  TLG1328.TXT
i:  163
file:  TLG1324.TXT
i:  164
file:  TLG2354.TXT
i:  165
file:  TLG1812.TXT
i:  166
file:  TLG1648.TXT
i:  167
file:  TLG1428.TXT
i:  168
file:  TLG2210.TXT
i:  169
file:  TLG2345.TXT
i:  170
file:  TLG2533.TXT
i:  171
file:  TLG3063.TXT
i:  172
file:  TLG3020.TXT
i:  173
file:  TLG1584.TXT
i:  174
file:  TLG1651.TXT
i:  175
file:  TLG3168.TXT
i:  176
file:  TLG0688.TXT
i:  177
file:  TLG1687.TXT
i:  178
file:  TLG1704.TXT
i:  179
file:  TLG1310.TXT
i:  180
file:  TLG2474.TXT
i:  181
file:  TLG2445.TXT
i:  182
file:  TLG1452.TXT
i:  183
file:  TLG3115.TXT
i:  184
file:  TLG1753.TXT
i:  185
file:  TLG1678.TXT
i:  186
file:  TLG1679.TXT
i:  187
file:  TLG4024.TXT
i:  188
file:  TLG2157.TXT
i:  189
file:  TLG1388.TXT
i:  190
file:  TLG3182.TXT
i:  191
file:  TLG4393.TXT
i:  192
file:  TLG1240.TXT
i:  193
file:  TLG2171.TXT
i:  194
file:  TLG2307.TXT
i:  195
file:  TLG2392.TXT
i:  196
file:  TLG0547.TXT
i:  197
file:  TLG1875.TXT
i:  198
file:  TLG1387.TXT
i:  199
file:  TLG1407.TXT
i:  200
file:  TLG3147.TXT
i:  201
file:  TLG2367.TXT
i:  202
file:  TLG2216.TXT
i:  203
file:  TLG3144.TXT
i:  204
file:  TLG2182.TXT
i:  205
file:  TLG2531.TXT
i:  206
file:  TLG0578.TXT
i:  207
file:  TLG3079.TXT
i:  208
file:  TLG1867.TXT
i:  209
file:  TLG3185.TXT
i:  210
file:  TLG2458.TXT
i:  211
file:  TLG1713.TXT
i:  212
file:  TLG1733.TXT
i:  213
file:  TLG1254.TXT
i:  214
file:  TLG2202.TXT
i:  215
file:  TLG2428.TXT
i:  216
file:  TLG1627.TXT
i:  217
file:  TLG2557.TXT
i:  218
file:  TLG0695.TXT
i:  219
file:  TLG2190.TXT
i:  220
file:  TLG1525.TXT
i:  221
file:  TLG0536.TXT
i:  222
file:  TLG0707.TXT
i:  223
file:  TLG0015.TXT
i:  224
file:  TLG2539.TXT
i:  225
file:  TLG2552.TXT
i:  226
file:  TLG2396.TXT
i:  227
file:  TLG1162.TXT
i:  228
file:  TLG1706.TXT
i:  229
file:  TLG1709.TXT
i:  230
file:  TLG1498.TXT
i:  231
file:  TLG0583.TXT
i:  232
file:  TLG2173.TXT
i:  233
file:  TLG0686.TXT
i:  234
file:  TLG2461.TXT
i:  235
file:  TLG1907.TXT
i:  236
file:  TLG2300.TXT
i:  237
file:  TLG2434.TXT
i:  238
file:  TLG2333.TXT
i:  239
file:  TLG1945.TXT
i:  240
file:  TLG3040.TXT
i:  241
file:  TLG2566.TXT
i:  242
file:  TLG2141.TXT
i:  243
file:  TLG1125.TXT
i:  244
file:  TLG2328.TXT
i:  245
file:  TLG0577.TXT
i:  246
file:  TLG3176.TXT
i:  247
file:  TLG2387.TXT
i:  248
file:  TLG2386.TXT
i:  249
file:  TLG4076.TXT
i:  250
file:  TLG1289.TXT
i:  251
file:  TLG3141.TXT
i:  252
file:  TLG3047.TXT
i:  253
file:  TLG0534.TXT
i:  254
file:  TLG1435.TXT
i:  255
file:  TLG1760.TXT
i:  256
file:  TLG2205.TXT
i:  257
file:  TLG2306.TXT
i:  258
file:  TLG3094.TXT
i:  259
file:  TLG2236.TXT
i:  260
file:  TLG2204.TXT
i:  261
file:  TLG0687.TXT
i:  262
file:  TLG1438.TXT
i:  263
file:  TLG3170.TXT
i:  264
file:  TLG1728.TXT
i:  265
file:  TLG1751.TXT
i:  266
file:  TLG1911.TXT
i:  267
file:  TLG1544.TXT
i:  268
file:  TLG2455.TXT
i:  269
file:  TLG1646.TXT
i:  270
file:  TLG1218.TXT
i:  271
file:  TLG2175.TXT
i:  272
file:  TLG0060.TXT
i:  273
file:  TLG1899.TXT
i:  274
file:  TLG2148.TXT
i:  275
file:  TLG4029.TXT
i:  276
file:  TLG2284.TXT
i:  277
file:  TLG1442.TXT
i:  278
file:  TLG2364.TXT
i:  279
file:  TLG2506.TXT
i:  280
file:  TLG0845.TXT
i:  281
file:  TLG2546.TXT
i:  282
file:  TLG1583.TXT
i:  283
file:  TLG3139.TXT
i:  284
file:  TLG1568.TXT
i:  285
file:  TLG1211.TXT
i:  286
file:  TLG1949.TXT
i:  287
file:  TLG2277.TXT
i:  288
file:  TLG1339.TXT
i:  289
file:  TLG1291.TXT
i:  290
file:  TLG2187.TXT
i:  291
file:  TLG1307.TXT
i:  292
file:  TLG0543.TXT
i:  293
file:  TLG2326.TXT
i:  294
file:  TLG0538.TXT
i:  295
file:  TLG1390.TXT
i:  296
file:  TLG1123.TXT
i:  297
file:  TLG4347.TXT
i:  298
file:  TLG2172.TXT
i:  299
file:  TLG1752.TXT
i:  300
file:  TLG1281.TXT
i:  301
file:  TLG1416.TXT
i:  302
file:  TLG1489.TXT
i:  303
file:  TLG1450.TXT
i:  304
file:  TLG4391.TXT
i:  305
file:  TLG2460.TXT
i:  306
file:  TLG1Your job-array 2351.1-340:1 ("array.sh") has been submitted
918.TXT
i:  307
file:  TLG0566.TXT
i:  308
file:  TLG2594.TXT
i:  309
file:  TLG1535.TXT
i:  310
file:  TLG2151.TXT
i:  311
file:  TLG0551.TXT
i:  312
file:  TLG1970.TXT
i:  313
file:  TLG2255.TXT
i:  314
file:  TLG1732.TXT
i:  315
file:  TLG2372.TXT
i:  316
file:  TLG2278.TXT
i:  317
file:  TLG2192.TXT
i:  318
file:  TLG2195.TXT
i:  319
file:  TLG1496.TXT
i:  320
file:  TLG2322.TXT
i:  321
file:  TLG1249.TXT
i:  322
file:  TLG0584.TXT
i:  323
file:  TLG3177.TXT
i:  324
file:  TLG1219.TXT
i:  325
file:  TLG1305.TXT
i:  326
file:  TLG1908.TXT
i:  327
file:  TLG2482.TXT
i:  328
file:  TLG2274.TXT
i:  329
file:  TLG2193.TXT
i:  330
file:  TLG1282.TXT
i:  331
file:  TLG2391.TXT
i:  332
file:  TLG2512.TXT
i:  333
file:  TLG1871.TXT
i:  334
file:  TLG1225.TXT
i:  335
file:  TLG3074.TXT
i:  336
file:  TLG2270.TXT
i:  337
file:  TLG1196.TXT
i:  338
file:  TLG0624.TXT
going to master
Traceback (most recent call last):
  File "primary.py", line 331, in <module>
    history1.compare()
  File "primary.py", line 50, in compare
    doc1list = self.tf_idf(self.doc1)
  File "primary.py", line 200, in tf_idf
    docFilename = self.add_docs(document)
  File "primary.py", line 244, in add_docs
    self.idf_dict = self.compile_idf_dict()
  File "primary.py", line 268, in compile_idf_dict
    files = os.listdir(path)
OSError: [Errno 2] No such file or directory: '../TLG_idf_files/2_vFalse_swTrue/'
